# JRE version: OpenJDK Runtime Environment Microsoft-25199 (11.0.12+7) (build 11.0.12+7)
# Java VM: OpenJDK 64-Bit Server VM Microsoft-25199 (11.0.12+7, mixed mode, tiered, compressed oops, g1 gc, windows-amd64)
Heap:
 garbage-first heap   total 239616K, used 138497K [0x0000000080000000, 0x0000000100000000)
  region size 1024K, 32 young (32768K), 6 survivors (6144K)
 Metaspace       used 76480K, capacity 78444K, committed 78592K, reserved 1118208K
  class space    used 9872K, capacity 10672K, committed 10752K, reserved 1048576K
GC Heap History (20 events):
Event: 15.843 GC heap before
{Heap before GC invocations=49 (full 0):
 garbage-first heap   total 165888K, used 90546K [0x0000000080000000, 0x0000000100000000)
  region size 1024K, 9 young (9216K), 2 survivors (2048K)
 Metaspace       used 52507K, capacity 53962K, committed 54016K, reserved 1095680K
  class space    used 6800K, capacity 7376K, committed 7424K, reserved 1048576K
}
Event: 15.847 GC heap after
{Heap after GC invocations=50 (full 0):
 garbage-first heap   total 165888K, used 85730K [0x0000000080000000, 0x0000000100000000)
  region size 1024K, 3 young (3072K), 3 survivors (3072K)
 Metaspace       used 52507K, capacity 53962K, committed 54016K, reserved 1095680K
  class space    used 6800K, capacity 7376K, committed 7424K, reserved 1048576K
}
Event: 16.094 GC heap before
{Heap before GC invocations=51 (full 0):
 garbage-first heap   total 165888K, used 93922K [0x0000000080000000, 0x0000000100000000)
  region size 1024K, 9 young (9216K), 3 survivors (3072K)
 Metaspace       used 52637K, capacity 54152K, committed 54272K, reserved 1095680K
  class space    used 6816K, capacity 7418K, committed 7424K, reserved 1048576K
}
Event: 16.101 GC heap after
{Heap after GC invocations=52 (full 0):
 garbage-first heap   total 165888K, used 92748K [0x0000000080000000, 0x0000000100000000)
  region size 1024K, 5 young (5120K), 5 survivors (5120K)
 Metaspace       used 52637K, capacity 54152K, committed 54272K, reserved 1095680K
  class space    used 6816K, capacity 7418K, committed 7424K, reserved 1048576K
}
Event: 16.898 GC heap before
{Heap before GC invocations=53 (full 0):
 garbage-first heap   total 165888K, used 126540K [0x0000000080000000, 0x0000000100000000)
  region size 1024K, 34 young (34816K), 5 survivors (5120K)
 Metaspace       used 55101K, capacity 56612K, committed 56704K, reserved 1097728K
  class space    used 7135K, capacity 7770K, committed 7808K, reserved 1048576K
}
Event: 16.920 GC heap after
{Heap after GC invocations=54 (full 0):
 garbage-first heap   total 165888K, used 101187K [0x0000000080000000, 0x0000000100000000)
  region size 1024K, 4 young (4096K), 4 survivors (4096K)
 Metaspace       used 55101K, capacity 56612K, committed 56704K, reserved 1097728K
  class space    used 7135K, capacity 7770K, committed 7808K, reserved 1048576K
}
Event: 17.403 GC heap before
{Heap before GC invocations=54 (full 0):
 garbage-first heap   total 165888K, used 127811K [0x0000000080000000, 0x0000000100000000)
  region size 1024K, 31 young (31744K), 4 survivors (4096K)
 Metaspace       used 58913K, capacity 60600K, committed 60800K, reserved 1101824K
  class space    used 7557K, capacity 8200K, committed 8320K, reserved 1048576K
}
Event: 17.414 GC heap after
{Heap after GC invocations=55 (full 0):
 garbage-first heap   total 165888K, used 102578K [0x0000000080000000, 0x0000000100000000)
  region size 1024K, 1 young (1024K), 1 survivors (1024K)
 Metaspace       used 58913K, capacity 60600K, committed 60800K, reserved 1101824K
  class space    used 7557K, capacity 8200K, committed 8320K, reserved 1048576K
}
Event: 18.094 GC heap before
{Heap before GC invocations=56 (full 0):
 garbage-first heap   total 165888K, used 130226K [0x0000000080000000, 0x0000000100000000)
  region size 1024K, 28 young (28672K), 1 survivors (1024K)
 Metaspace       used 62555K, capacity 64274K, committed 64384K, reserved 1105920K
  class space    used 8064K, capacity 8791K, committed 8832K, reserved 1048576K
}
Event: 18.106 GC heap after
{Heap after GC invocations=57 (full 0):
 garbage-first heap   total 199680K, used 104363K [0x0000000080000000, 0x0000000100000000)
  region size 1024K, 3 young (3072K), 3 survivors (3072K)
 Metaspace       used 62555K, capacity 64274K, committed 64384K, reserved 1105920K
  class space    used 8064K, capacity 8791K, committed 8832K, reserved 1048576K
}
Event: 18.441 GC heap before
{Heap before GC invocations=57 (full 0):
 garbage-first heap   total 199680K, used 108459K [0x0000000080000000, 0x0000000100000000)
  region size 1024K, 8 young (8192K), 3 survivors (3072K)
 Metaspace       used 63895K, capacity 65621K, committed 65792K, reserved 1105920K
  class space    used 8202K, capacity 8920K, committed 8960K, reserved 1048576K
}
Event: 18.458 GC heap after
{Heap after GC invocations=58 (full 0):
 garbage-first heap   total 199680K, used 105404K [0x0000000080000000, 0x0000000100000000)
  region size 1024K, 3 young (3072K), 3 survivors (3072K)
 Metaspace       used 63895K, capacity 65621K, committed 65792K, reserved 1105920K
  class space    used 8202K, capacity 8920K, committed 8960K, reserved 1048576K
}
Event: 18.687 GC heap before
{Heap before GC invocations=59 (full 0):
 garbage-first heap   total 199680K, used 123836K [0x0000000080000000, 0x0000000100000000)
  region size 1024K, 17 young (17408K), 3 survivors (3072K)
 Metaspace       used 63901K, capacity 65627K, committed 65792K, reserved 1105920K
  class space    used 8203K, capacity 8921K, committed 8960K, reserved 1048576K
}
Event: 18.695 GC heap after
{Heap after GC invocations=60 (full 0):
 garbage-first heap   total 199680K, used 112134K [0x0000000080000000, 0x0000000100000000)
  region size 1024K, 5 young (5120K), 5 survivors (5120K)
 Metaspace       used 63901K, capacity 65627K, committed 65792K, reserved 1105920K
  class space    used 8203K, capacity 8921K, committed 8960K, reserved 1048576K
}
Event: 20.269 GC heap before
{Heap before GC invocations=61 (full 0):
 garbage-first heap   total 199680K, used 151046K [0x0000000080000000, 0x0000000100000000)
  region size 1024K, 41 young (41984K), 5 survivors (5120K)
 Metaspace       used 66643K, capacity 68403K, committed 68736K, reserved 1107968K
  class space    used 8543K, capacity 9258K, committed 9344K, reserved 1048576K
}
Event: 20.279 GC heap after
{Heap after GC invocations=62 (full 0):
 garbage-first heap   total 199680K, used 109507K [0x0000000080000000, 0x0000000100000000)
  region size 1024K, 3 young (3072K), 3 survivors (3072K)
 Metaspace       used 66643K, capacity 68403K, committed 68736K, reserved 1107968K
  class space    used 8543K, capacity 9258K, committed 9344K, reserved 1048576K
}
Event: 20.484 GC heap before
{Heap before GC invocations=62 (full 0):
 garbage-first heap   total 199680K, used 120771K [0x0000000080000000, 0x0000000100000000)
  region size 1024K, 15 young (15360K), 3 survivors (3072K)
 Metaspace       used 67651K, capacity 69373K, committed 69632K, reserved 1110016K
  class space    used 8689K, capacity 9388K, committed 9472K, reserved 1048576K
}
Event: 20.490 GC heap after
{Heap after GC invocations=63 (full 0):
 garbage-first heap   total 239616K, used 109948K [0x0000000080000000, 0x0000000100000000)
  region size 1024K, 3 young (3072K), 3 survivors (3072K)
 Metaspace       used 67651K, capacity 69373K, committed 69632K, reserved 1110016K
  class space    used 8689K, capacity 9388K, committed 9472K, reserved 1048576K
}
Event: 21.841 GC heap before
{Heap before GC invocations=64 (full 0):
 garbage-first heap   total 239616K, used 175484K [0x0000000080000000, 0x0000000100000000)
  region size 1024K, 66 young (67584K), 3 survivors (3072K)
 Metaspace       used 74168K, capacity 76029K, committed 76288K, reserved 1116160K
  class space    used 9627K, capacity 10382K, committed 10496K, reserved 1048576K
}
Event: 21.851 GC heap after
{Heap after GC invocations=65 (full 0):
 garbage-first heap   total 239616K, used 112897K [0x0000000080000000, 0x0000000100000000)
  region size 1024K, 6 young (6144K), 6 survivors (6144K)
 Metaspace       used 74168K, capacity 76029K, committed 76288K, reserved 1116160K
  class space    used 9627K, capacity 10382K, committed 10496K, reserved 1048576K
}

