# JRE version: OpenJDK Runtime Environment Microsoft-25199 (11.0.12+7) (build 11.0.12+7)
# Java VM: OpenJDK 64-Bit Server VM Microsoft-25199 (11.0.12+7, mixed mode, tiered, compressed oops, g1 gc, windows-amd64)
Heap:
 garbage-first heap   total 330752K, used 169388K [0x0000000080000000, 0x0000000100000000)
  region size 1024K, 3 young (3072K), 3 survivors (3072K)
 Metaspace       used 83485K, capacity 85678K, committed 85760K, reserved 1124352K
  class space    used 10882K, capacity 11734K, committed 11776K, reserved 1048576K
GC Heap History (20 events):
Event: 19.291 GC heap after
{Heap after GC invocations=54 (full 0):
 garbage-first heap   total 204800K, used 103381K [0x0000000080000000, 0x0000000100000000)
  region size 1024K, 4 young (4096K), 4 survivors (4096K)
 Metaspace       used 62924K, capacity 64716K, committed 64896K, reserved 1105920K
  class space    used 8097K, capacity 8816K, committed 8832K, reserved 1048576K
}
Event: 19.423 GC heap before
{Heap before GC invocations=54 (full 0):
 garbage-first heap   total 204800K, used 106453K [0x0000000080000000, 0x0000000100000000)
  region size 1024K, 8 young (8192K), 4 survivors (4096K)
 Metaspace       used 63516K, capacity 65356K, committed 65536K, reserved 1105920K
  class space    used 8164K, capacity 8880K, committed 8960K, reserved 1048576K
}
Event: 19.430 GC heap after
{Heap after GC invocations=55 (full 0):
 garbage-first heap   total 204800K, used 103898K [0x0000000080000000, 0x0000000100000000)
  region size 1024K, 4 young (4096K), 4 survivors (4096K)
 Metaspace       used 63516K, capacity 65356K, committed 65536K, reserved 1105920K
  class space    used 8164K, capacity 8880K, committed 8960K, reserved 1048576K
}
Event: 19.612 GC heap before
{Heap before GC invocations=56 (full 0):
 garbage-first heap   total 204800K, used 122330K [0x0000000080000000, 0x0000000100000000)
  region size 1024K, 18 young (18432K), 4 survivors (4096K)
 Metaspace       used 63520K, capacity 65362K, committed 65536K, reserved 1105920K
  class space    used 8165K, capacity 8881K, committed 8960K, reserved 1048576K
}
Event: 19.625 GC heap after
{Heap after GC invocations=57 (full 0):
 garbage-first heap   total 204800K, used 110430K [0x0000000080000000, 0x0000000100000000)
  region size 1024K, 6 young (6144K), 6 survivors (6144K)
 Metaspace       used 63520K, capacity 65362K, committed 65536K, reserved 1105920K
  class space    used 8165K, capacity 8881K, committed 8960K, reserved 1048576K
}
Event: 20.585 GC heap before
{Heap before GC invocations=58 (full 0):
 garbage-first heap   total 204800K, used 155486K [0x0000000080000000, 0x0000000100000000)
  region size 1024K, 48 young (49152K), 6 survivors (6144K)
 Metaspace       used 66860K, capacity 68745K, committed 68992K, reserved 1110016K
  class space    used 8581K, capacity 9315K, committed 9344K, reserved 1048576K
}
Event: 20.600 GC heap after
{Heap after GC invocations=59 (full 0):
 garbage-first heap   total 204800K, used 109251K [0x0000000080000000, 0x0000000100000000)
  region size 1024K, 3 young (3072K), 3 survivors (3072K)
 Metaspace       used 66860K, capacity 68745K, committed 68992K, reserved 1110016K
  class space    used 8581K, capacity 9315K, committed 9344K, reserved 1048576K
}
Event: 20.675 GC heap before
{Heap before GC invocations=59 (full 0):
 garbage-first heap   total 204800K, used 114371K [0x0000000080000000, 0x0000000100000000)
  region size 1024K, 9 young (9216K), 3 survivors (3072K)
 Metaspace       used 67259K, capacity 69071K, committed 69376K, reserved 1110016K
  class space    used 8654K, capacity 9380K, committed 9472K, reserved 1048576K
}
Event: 20.679 GC heap after
{Heap after GC invocations=60 (full 0):
 garbage-first heap   total 204800K, used 109734K [0x0000000080000000, 0x0000000100000000)
  region size 1024K, 3 young (3072K), 3 survivors (3072K)
 Metaspace       used 67259K, capacity 69071K, committed 69376K, reserved 1110016K
  class space    used 8654K, capacity 9380K, committed 9472K, reserved 1048576K
}
Event: 21.501 GC heap before
{Heap before GC invocations=61 (full 0):
 garbage-first heap   total 204800K, used 151718K [0x0000000080000000, 0x0000000100000000)
  region size 1024K, 44 young (45056K), 3 survivors (3072K)
 Metaspace       used 70993K, capacity 72819K, committed 72960K, reserved 1112064K
  class space    used 9124K, capacity 9870K, committed 9984K, reserved 1048576K
}
Event: 21.514 GC heap after
{Heap after GC invocations=62 (full 0):
 garbage-first heap   total 204800K, used 110248K [0x0000000080000000, 0x0000000100000000)
  region size 1024K, 5 young (5120K), 5 survivors (5120K)
 Metaspace       used 70993K, capacity 72819K, committed 72960K, reserved 1112064K
  class space    used 9124K, capacity 9870K, committed 9984K, reserved 1048576K
}
Event: 21.997 GC heap before
{Heap before GC invocations=62 (full 0):
 garbage-first heap   total 204800K, used 154280K [0x0000000080000000, 0x0000000100000000)
  region size 1024K, 48 young (49152K), 5 survivors (5120K)
 Metaspace       used 71724K, capacity 73630K, committed 73728K, reserved 1114112K
  class space    used 9220K, capacity 9971K, committed 9984K, reserved 1048576K
}
Event: 22.023 GC heap after
{Heap after GC invocations=63 (full 0):
 garbage-first heap   total 245760K, used 113311K [0x0000000080000000, 0x0000000100000000)
  region size 1024K, 6 young (6144K), 6 survivors (6144K)
 Metaspace       used 71724K, capacity 73630K, committed 73728K, reserved 1114112K
  class space    used 9220K, capacity 9971K, committed 9984K, reserved 1048576K
}
Event: 24.058 GC heap before
{Heap before GC invocations=64 (full 0):
 garbage-first heap   total 245760K, used 175775K [0x0000000080000000, 0x0000000100000000)
  region size 1024K, 67 young (68608K), 6 survivors (6144K)
 Metaspace       used 78456K, capacity 80443K, committed 80512K, reserved 1118208K
  class space    used 10304K, capacity 11077K, committed 11136K, reserved 1048576K
}
Event: 24.096 GC heap after
{Heap after GC invocations=65 (full 0):
 garbage-first heap   total 245760K, used 117253K [0x0000000080000000, 0x0000000100000000)
  region size 1024K, 7 young (7168K), 7 survivors (7168K)
 Metaspace       used 78456K, capacity 80443K, committed 80512K, reserved 1118208K
  class space    used 10304K, capacity 11077K, committed 11136K, reserved 1048576K
}
Event: 24.976 GC heap before
{Heap before GC invocations=65 (full 0):
 garbage-first heap   total 245760K, used 143877K [0x0000000080000000, 0x0000000100000000)
  region size 1024K, 35 young (35840K), 7 survivors (7168K)
 Metaspace       used 81539K, capacity 83613K, committed 83712K, reserved 1122304K
  class space    used 10601K, capacity 11422K, committed 11520K, reserved 1048576K
}
Event: 25.009 GC heap after
{Heap after GC invocations=66 (full 0):
 garbage-first heap   total 245760K, used 122046K [0x0000000080000000, 0x0000000100000000)
  region size 1024K, 9 young (9216K), 9 survivors (9216K)
 Metaspace       used 81539K, capacity 83613K, committed 83712K, reserved 1122304K
  class space    used 10601K, capacity 11422K, committed 11520K, reserved 1048576K
}
Event: 25.632 GC heap before
{Heap before GC invocations=67 (full 0):
 garbage-first heap   total 245760K, used 152766K [0x0000000080000000, 0x0000000100000000)
  region size 1024K, 14 young (14336K), 9 survivors (9216K)
 Metaspace       used 81539K, capacity 83613K, committed 83712K, reserved 1122304K
  class space    used 10601K, capacity 11422K, committed 11520K, reserved 1048576K
}
Event: 25.660 GC heap after
{Heap after GC invocations=68 (full 0):
 garbage-first heap   total 245760K, used 154141K [0x0000000080000000, 0x0000000100000000)
  region size 1024K, 9 young (9216K), 9 survivors (9216K)
 Metaspace       used 81539K, capacity 83613K, committed 83712K, reserved 1122304K
  class space    used 10601K, capacity 11422K, committed 11520K, reserved 1048576K
}
Event: 28.157 GC heap before
{Heap before GC invocations=69 (full 0):
 garbage-first heap   total 245760K, used 208413K [0x0000000080000000, 0x0000000100000000)
  region size 1024K, 50 young (51200K), 9 survivors (9216K)
 Metaspace       used 83485K, capacity 85678K, committed 85760K, reserved 1124352K
  class space    used 10882K, capacity 11734K, committed 11776K, reserved 1048576K
}

