# JRE version: OpenJDK Runtime Environment Microsoft-25199 (11.0.12+7) (build 11.0.12+7)
# Java VM: OpenJDK 64-Bit Server VM Microsoft-25199 (11.0.12+7, mixed mode, tiered, compressed oops, g1 gc, windows-amd64)
Heap:
 garbage-first heap   total 244736K, used 116346K [0x0000000080000000, 0x0000000100000000)
  region size 1024K, 10 young (10240K), 6 survivors (6144K)
 Metaspace       used 60279K, capacity 62034K, committed 62208K, reserved 1103872K
  class space    used 7732K, capacity 8426K, committed 8448K, reserved 1048576K
GC Heap History (20 events):
Event: 12.527 GC heap before
{Heap before GC invocations=38 (full 0):
 garbage-first heap   total 140288K, used 95331K [0x0000000080000000, 0x0000000100000000)
  region size 1024K, 39 young (39936K), 2 survivors (2048K)
 Metaspace       used 41750K, capacity 42884K, committed 43136K, reserved 1087488K
  class space    used 5356K, capacity 5739K, committed 5760K, reserved 1048576K
}
Event: 12.544 GC heap after
{Heap after GC invocations=39 (full 0):
 garbage-first heap   total 140288K, used 58939K [0x0000000080000000, 0x0000000100000000)
  region size 1024K, 5 young (5120K), 5 survivors (5120K)
 Metaspace       used 41750K, capacity 42884K, committed 43136K, reserved 1087488K
  class space    used 5356K, capacity 5739K, committed 5760K, reserved 1048576K
}
Event: 14.007 GC heap before
{Heap before GC invocations=39 (full 0):
 garbage-first heap   total 140288K, used 97851K [0x0000000080000000, 0x0000000100000000)
  region size 1024K, 43 young (44032K), 5 survivors (5120K)
 Metaspace       used 44569K, capacity 45755K, committed 45952K, reserved 1089536K
  class space    used 5791K, capacity 6242K, committed 6272K, reserved 1048576K
}
Event: 14.019 GC heap after
{Heap after GC invocations=40 (full 0):
 garbage-first heap   total 140288K, used 60539K [0x0000000080000000, 0x0000000100000000)
  region size 1024K, 5 young (5120K), 5 survivors (5120K)
 Metaspace       used 44569K, capacity 45755K, committed 45952K, reserved 1089536K
  class space    used 5791K, capacity 6242K, committed 6272K, reserved 1048576K
}
Event: 14.278 GC heap before
{Heap before GC invocations=40 (full 0):
 garbage-first heap   total 140288K, used 67707K [0x0000000080000000, 0x0000000100000000)
  region size 1024K, 8 young (8192K), 5 survivors (5120K)
 Metaspace       used 44615K, capacity 45766K, committed 45952K, reserved 1089536K
  class space    used 5794K, capacity 6244K, committed 6272K, reserved 1048576K
}
Event: 14.286 GC heap after
{Heap after GC invocations=41 (full 0):
 garbage-first heap   total 140288K, used 66468K [0x0000000080000000, 0x0000000100000000)
  region size 1024K, 3 young (3072K), 3 survivors (3072K)
 Metaspace       used 44615K, capacity 45766K, committed 45952K, reserved 1089536K
  class space    used 5794K, capacity 6244K, committed 6272K, reserved 1048576K
}
Event: 14.478 GC heap before
{Heap before GC invocations=42 (full 0):
 garbage-first heap   total 140288K, used 76708K [0x0000000080000000, 0x0000000100000000)
  region size 1024K, 4 young (4096K), 3 survivors (3072K)
 Metaspace       used 44615K, capacity 45766K, committed 45952K, reserved 1089536K
  class space    used 5794K, capacity 6244K, committed 6272K, reserved 1048576K
}
Event: 14.488 GC heap after
{Heap after GC invocations=43 (full 0):
 garbage-first heap   total 203776K, used 76581K [0x0000000080000000, 0x0000000100000000)
  region size 1024K, 3 young (3072K), 3 survivors (3072K)
 Metaspace       used 44615K, capacity 45766K, committed 45952K, reserved 1089536K
  class space    used 5794K, capacity 6244K, committed 6272K, reserved 1048576K
}
Event: 16.112 GC heap before
{Heap before GC invocations=44 (full 0):
 garbage-first heap   total 203776K, used 135973K [0x0000000080000000, 0x0000000100000000)
  region size 1024K, 56 young (57344K), 3 survivors (3072K)
 Metaspace       used 47785K, capacity 49090K, committed 49408K, reserved 1091584K
  class space    used 6138K, capacity 6576K, committed 6656K, reserved 1048576K
}
Event: 16.146 GC heap after
{Heap after GC invocations=45 (full 0):
 garbage-first heap   total 203776K, used 86835K [0x0000000080000000, 0x0000000100000000)
  region size 1024K, 7 young (7168K), 7 survivors (7168K)
 Metaspace       used 47785K, capacity 49090K, committed 49408K, reserved 1091584K
  class space    used 6138K, capacity 6576K, committed 6656K, reserved 1048576K
}
Event: 20.113 GC heap before
{Heap before GC invocations=45 (full 0):
 garbage-first heap   total 203776K, used 149299K [0x0000000080000000, 0x0000000100000000)
  region size 1024K, 63 young (64512K), 7 survivors (7168K)
 Metaspace       used 51765K, capacity 53160K, committed 53504K, reserved 1095680K
  class space    used 6759K, capacity 7314K, committed 7424K, reserved 1048576K
}
Event: 20.139 GC heap after
{Heap after GC invocations=46 (full 0):
 garbage-first heap   total 203776K, used 95747K [0x0000000080000000, 0x0000000100000000)
  region size 1024K, 4 young (4096K), 4 survivors (4096K)
 Metaspace       used 51765K, capacity 53160K, committed 53504K, reserved 1095680K
  class space    used 6759K, capacity 7314K, committed 7424K, reserved 1048576K
}
Event: 21.014 GC heap before
{Heap before GC invocations=46 (full 0):
 garbage-first heap   total 203776K, used 122371K [0x0000000080000000, 0x0000000100000000)
  region size 1024K, 31 young (31744K), 4 survivors (4096K)
 Metaspace       used 52568K, capacity 53969K, committed 54016K, reserved 1095680K
  class space    used 6808K, capacity 7382K, committed 7424K, reserved 1048576K
}
Event: 21.027 GC heap after
{Heap after GC invocations=47 (full 0):
 garbage-first heap   total 203776K, used 96847K [0x0000000080000000, 0x0000000100000000)
  region size 1024K, 5 young (5120K), 5 survivors (5120K)
 Metaspace       used 52568K, capacity 53969K, committed 54016K, reserved 1095680K
  class space    used 6808K, capacity 7382K, committed 7424K, reserved 1048576K
}
Event: 21.303 GC heap before
{Heap before GC invocations=48 (full 0):
 garbage-first heap   total 203776K, used 105039K [0x0000000080000000, 0x0000000100000000)
  region size 1024K, 11 young (11264K), 5 survivors (5120K)
 Metaspace       used 52700K, capacity 54287K, committed 54528K, reserved 1095680K
  class space    used 6824K, capacity 7424K, committed 7424K, reserved 1048576K
}
Event: 21.324 GC heap after
{Heap after GC invocations=49 (full 0):
 garbage-first heap   total 203776K, used 103870K [0x0000000080000000, 0x0000000100000000)
  region size 1024K, 5 young (5120K), 5 survivors (5120K)
 Metaspace       used 52700K, capacity 54287K, committed 54528K, reserved 1095680K
  class space    used 6824K, capacity 7424K, committed 7424K, reserved 1048576K
}
Event: 21.521 GC heap before
{Heap before GC invocations=50 (full 0):
 garbage-first heap   total 203776K, used 112062K [0x0000000080000000, 0x0000000100000000)
  region size 1024K, 10 young (10240K), 5 survivors (5120K)
 Metaspace       used 52979K, capacity 54511K, committed 54656K, reserved 1095680K
  class space    used 6874K, capacity 7456K, committed 7552K, reserved 1048576K
}
Event: 21.532 GC heap after
{Heap after GC invocations=51 (full 0):
 garbage-first heap   total 244736K, used 109885K [0x0000000080000000, 0x0000000100000000)
  region size 1024K, 6 young (6144K), 6 survivors (6144K)
 Metaspace       used 52979K, capacity 54511K, committed 54656K, reserved 1095680K
  class space    used 6874K, capacity 7456K, committed 7552K, reserved 1048576K
}
Event: 23.807 GC heap before
{Heap before GC invocations=52 (full 0):
 garbage-first heap   total 244736K, used 169277K [0x0000000080000000, 0x0000000100000000)
  region size 1024K, 63 young (64512K), 6 survivors (6144K)
 Metaspace       used 59891K, capacity 61543K, committed 61824K, reserved 1103872K
  class space    used 7659K, capacity 8280K, committed 8320K, reserved 1048576K
}
Event: 23.827 GC heap after
{Heap after GC invocations=53 (full 0):
 garbage-first heap   total 244736K, used 113274K [0x0000000080000000, 0x0000000100000000)
  region size 1024K, 6 young (6144K), 6 survivors (6144K)
 Metaspace       used 59891K, capacity 61543K, committed 61824K, reserved 1103872K
  class space    used 7659K, capacity 8280K, committed 8320K, reserved 1048576K
}

