# JRE version: OpenJDK Runtime Environment Microsoft-25199 (11.0.12+7) (build 11.0.12+7)
# Java VM: OpenJDK 64-Bit Server VM Microsoft-25199 (11.0.12+7, mixed mode, tiered, compressed oops, g1 gc, windows-amd64)
Heap:
 garbage-first heap   total 276480K, used 123205K [0x0000000080000000, 0x0000000100000000)
  region size 1024K, 2 young (2048K), 2 survivors (2048K)
 Metaspace       used 72585K, capacity 74506K, committed 74672K, reserved 1114112K
  class space    used 9371K, capacity 10142K, committed 10240K, reserved 1048576K
GC Heap History (20 events):
Event: 22.002 GC heap after
{Heap after GC invocations=50 (full 0):
 garbage-first heap   total 147456K, used 87390K [0x0000000080000000, 0x0000000100000000)
  region size 1024K, 3 young (3072K), 3 survivors (3072K)
 Metaspace       used 48653K, capacity 49963K, committed 49968K, reserved 1093632K
  class space    used 6279K, capacity 6783K, committed 6784K, reserved 1048576K
}
Event: 22.496 GC heap before
{Heap before GC invocations=51 (full 0):
 garbage-first heap   total 147456K, used 117086K [0x0000000080000000, 0x0000000100000000)
  region size 1024K, 27 young (27648K), 3 survivors (3072K)
 Metaspace       used 50277K, capacity 51650K, committed 51888K, reserved 1093632K
  class space    used 6560K, capacity 7112K, committed 7168K, reserved 1048576K
}
Event: 22.513 GC heap after
{Heap after GC invocations=52 (full 0):
 garbage-first heap   total 182272K, used 94663K [0x0000000080000000, 0x0000000100000000)
  region size 1024K, 4 young (4096K), 4 survivors (4096K)
 Metaspace       used 50277K, capacity 51650K, committed 51888K, reserved 1093632K
  class space    used 6560K, capacity 7112K, committed 7168K, reserved 1048576K
}
Event: 24.231 GC heap before
{Heap before GC invocations=52 (full 0):
 garbage-first heap   total 182272K, used 129479K [0x0000000080000000, 0x0000000100000000)
  region size 1024K, 38 young (38912K), 4 survivors (4096K)
 Metaspace       used 52217K, capacity 53639K, committed 53936K, reserved 1095680K
  class space    used 6788K, capacity 7364K, committed 7424K, reserved 1048576K
}
Event: 24.246 GC heap after
{Heap after GC invocations=53 (full 0):
 garbage-first heap   total 182272K, used 95711K [0x0000000080000000, 0x0000000100000000)
  region size 1024K, 4 young (4096K), 4 survivors (4096K)
 Metaspace       used 52217K, capacity 53639K, committed 53936K, reserved 1095680K
  class space    used 6788K, capacity 7364K, committed 7424K, reserved 1048576K
}
Event: 25.505 GC heap before
{Heap before GC invocations=54 (full 0):
 garbage-first heap   total 182272K, used 135647K [0x0000000080000000, 0x0000000100000000)
  region size 1024K, 44 young (45056K), 4 survivors (4096K)
 Metaspace       used 55350K, capacity 56847K, committed 57008K, reserved 1097728K
  class space    used 7263K, capacity 7875K, committed 7936K, reserved 1048576K
}
Event: 25.519 GC heap after
{Heap after GC invocations=55 (full 0):
 garbage-first heap   total 182272K, used 98007K [0x0000000080000000, 0x0000000100000000)
  region size 1024K, 4 young (4096K), 4 survivors (4096K)
 Metaspace       used 55350K, capacity 56847K, committed 57008K, reserved 1097728K
  class space    used 7263K, capacity 7875K, committed 7936K, reserved 1048576K
}
Event: 26.232 GC heap before
{Heap before GC invocations=55 (full 0):
 garbage-first heap   total 182272K, used 120535K [0x0000000080000000, 0x0000000100000000)
  region size 1024K, 27 young (27648K), 4 survivors (4096K)
 Metaspace       used 57490K, capacity 59007K, committed 59312K, reserved 1099776K
  class space    used 7489K, capacity 8101K, committed 8192K, reserved 1048576K
}
Event: 26.243 GC heap after
{Heap after GC invocations=56 (full 0):
 garbage-first heap   total 182272K, used 99384K [0x0000000080000000, 0x0000000100000000)
  region size 1024K, 4 young (4096K), 4 survivors (4096K)
 Metaspace       used 57490K, capacity 59007K, committed 59312K, reserved 1099776K
  class space    used 7489K, capacity 8101K, committed 8192K, reserved 1048576K
}
Event: 26.481 GC heap before
{Heap before GC invocations=57 (full 0):
 garbage-first heap   total 182272K, used 107576K [0x0000000080000000, 0x0000000100000000)
  region size 1024K, 10 young (10240K), 4 survivors (4096K)
 Metaspace       used 57621K, capacity 59325K, committed 59568K, reserved 1101824K
  class space    used 7505K, capacity 8143K, committed 8192K, reserved 1048576K
}
Event: 26.497 GC heap after
{Heap after GC invocations=58 (full 0):
 garbage-first heap   total 219136K, used 106889K [0x0000000080000000, 0x0000000100000000)
  region size 1024K, 5 young (5120K), 5 survivors (5120K)
 Metaspace       used 57621K, capacity 59325K, committed 59568K, reserved 1101824K
  class space    used 7505K, capacity 8143K, committed 8192K, reserved 1048576K
}
Event: 26.654 GC heap before
{Heap before GC invocations=59 (full 0):
 garbage-first heap   total 219136K, used 115081K [0x0000000080000000, 0x0000000100000000)
  region size 1024K, 10 young (10240K), 5 survivors (5120K)
 Metaspace       used 57900K, capacity 59549K, committed 59568K, reserved 1101824K
  class space    used 7554K, capacity 8175K, committed 8192K, reserved 1048576K
}
Event: 26.671 GC heap after
{Heap after GC invocations=60 (full 0):
 garbage-first heap   total 219136K, used 113035K [0x0000000080000000, 0x0000000100000000)
  region size 1024K, 6 young (6144K), 6 survivors (6144K)
 Metaspace       used 57900K, capacity 59549K, committed 59568K, reserved 1101824K
  class space    used 7554K, capacity 8175K, committed 8192K, reserved 1048576K
}
Event: 29.198 GC heap before
{Heap before GC invocations=61 (full 0):
 garbage-first heap   total 219136K, used 158091K [0x0000000080000000, 0x0000000100000000)
  region size 1024K, 49 young (50176K), 6 survivors (6144K)
 Metaspace       used 62494K, capacity 64281K, committed 64560K, reserved 1105920K
  class space    used 8108K, capacity 8790K, committed 8832K, reserved 1048576K
}
Event: 29.227 GC heap after
{Heap after GC invocations=62 (full 0):
 garbage-first heap   total 219136K, used 115544K [0x0000000080000000, 0x0000000100000000)
  region size 1024K, 5 young (5120K), 5 survivors (5120K)
 Metaspace       used 62494K, capacity 64281K, committed 64560K, reserved 1105920K
  class space    used 8108K, capacity 8790K, committed 8832K, reserved 1048576K
}
Event: 30.630 GC heap before
{Heap before GC invocations=62 (full 0):
 garbage-first heap   total 219136K, used 155480K [0x0000000080000000, 0x0000000100000000)
  region size 1024K, 45 young (46080K), 5 survivors (5120K)
 Metaspace       used 68888K, capacity 70800K, committed 71088K, reserved 1110016K
  class space    used 8884K, capacity 9646K, committed 9728K, reserved 1048576K
}
Event: 30.643 GC heap after
{Heap after GC invocations=63 (full 0):
 garbage-first heap   total 219136K, used 118341K [0x0000000080000000, 0x0000000100000000)
  region size 1024K, 7 young (7168K), 7 survivors (7168K)
 Metaspace       used 68888K, capacity 70800K, committed 71088K, reserved 1110016K
  class space    used 8884K, capacity 9646K, committed 9728K, reserved 1048576K
}
Event: 31.658 GC heap before
{Heap before GC invocations=64 (full 0):
 garbage-first heap   total 219136K, used 172613K [0x0000000080000000, 0x0000000100000000)
  region size 1024K, 53 young (54272K), 7 survivors (7168K)
 Metaspace       used 71380K, capacity 73264K, committed 73392K, reserved 1112064K
  class space    used 9200K, capacity 9943K, committed 9984K, reserved 1048576K
}
Event: 31.729 GC heap after
{Heap after GC invocations=65 (full 0):
 garbage-first heap   total 219136K, used 121450K [0x0000000080000000, 0x0000000100000000)
  region size 1024K, 7 young (7168K), 7 survivors (7168K)
 Metaspace       used 71380K, capacity 73264K, committed 73392K, reserved 1112064K
  class space    used 9200K, capacity 9943K, committed 9984K, reserved 1048576K
}
Event: 32.163 GC heap before
{Heap before GC invocations=65 (full 0):
 garbage-first heap   total 219136K, used 135786K [0x0000000080000000, 0x0000000100000000)
  region size 1024K, 22 young (22528K), 7 survivors (7168K)
 Metaspace       used 72585K, capacity 74506K, committed 74672K, reserved 1114112K
  class space    used 9371K, capacity 10142K, committed 10240K, reserved 1048576K
}

